d:\2.project\9999.my\cpp\cpp_server\server\servercore\x64\debug\servercore.pch
d:\2.project\9999.my\cpp\cpp_server\server\libraries\debug\servercore.pdb
d:\2.project\9999.my\cpp\cpp_server\server\libraries\debug\servercore.idb
d:\2.project\9999.my\cpp\cpp_server\server\servercore\x64\debug\pch.obj
d:\2.project\9999.my\cpp\cpp_server\server\servercore\x64\debug\threadmanager.obj
d:\2.project\9999.my\cpp\cpp_server\server\servercore\x64\debug\socketutils.obj
d:\2.project\9999.my\cpp\cpp_server\server\servercore\x64\debug\session.obj
d:\2.project\9999.my\cpp\cpp_server\server\servercore\x64\debug\refcounting.obj
d:\2.project\9999.my\cpp\cpp_server\server\servercore\x64\debug\netaddress.obj
d:\2.project\9999.my\cpp\cpp_server\server\servercore\x64\debug\memorypool.obj
d:\2.project\9999.my\cpp\cpp_server\server\servercore\x64\debug\memory.obj
d:\2.project\9999.my\cpp\cpp_server\server\servercore\x64\debug\lock.obj
d:\2.project\9999.my\cpp\cpp_server\server\servercore\x64\debug\listener.obj
d:\2.project\9999.my\cpp\cpp_server\server\servercore\x64\debug\iocpevent.obj
d:\2.project\9999.my\cpp\cpp_server\server\servercore\x64\debug\iocpcore.obj
d:\2.project\9999.my\cpp\cpp_server\server\servercore\x64\debug\deadlockprofiler.obj
d:\2.project\9999.my\cpp\cpp_server\server\servercore\x64\debug\coretls.obj
d:\2.project\9999.my\cpp\cpp_server\server\servercore\x64\debug\corepch.obj
d:\2.project\9999.my\cpp\cpp_server\server\servercore\x64\debug\coreglobal.obj
d:\2.project\9999.my\cpp\cpp_server\server\servercore\x64\debug\allocator.obj
d:\2.project\9999.my\cpp\cpp_server\server\libraries\debug\servercore.lib
d:\2.project\9999.my\cpp\cpp_server\server\servercore\x64\debug\servercore.tlog\cl.command.1.tlog
d:\2.project\9999.my\cpp\cpp_server\server\servercore\x64\debug\servercore.tlog\cl.items.tlog
d:\2.project\9999.my\cpp\cpp_server\server\servercore\x64\debug\servercore.tlog\cl.read.1.tlog
d:\2.project\9999.my\cpp\cpp_server\server\servercore\x64\debug\servercore.tlog\cl.write.1.tlog
d:\2.project\9999.my\cpp\cpp_server\server\servercore\x64\debug\servercore.tlog\lib-link.read.1.tlog
d:\2.project\9999.my\cpp\cpp_server\server\servercore\x64\debug\servercore.tlog\lib-link.write.1.tlog
d:\2.project\9999.my\cpp\cpp_server\server\servercore\x64\debug\servercore.tlog\lib.command.1.tlog
