d:\2.project\9999.my\cpp\cpp_server\server\dummyclient\x64\debug\dummyclient.pch
d:\2.project\9999.my\cpp\cpp_server\server\dummyclient\x64\debug\vc143.pdb
d:\2.project\9999.my\cpp\cpp_server\server\dummyclient\x64\debug\vc143.idb
d:\2.project\9999.my\cpp\cpp_server\server\dummyclient\x64\debug\pch.obj
d:\2.project\9999.my\cpp\cpp_server\server\dummyclient\x64\debug\struct.pb.obj
d:\2.project\9999.my\cpp\cpp_server\server\dummyclient\x64\debug\protocol.pb.obj
d:\2.project\9999.my\cpp\cpp_server\server\dummyclient\x64\debug\enum.pb.obj
d:\2.project\9999.my\cpp\cpp_server\server\dummyclient\x64\debug\dummyclient.obj
d:\2.project\9999.my\cpp\cpp_server\server\dummyclient\x64\debug\serverpackethandler.obj
d:\2.project\9999.my\cpp\cpp_server\server\binary\debug\dummyclient.pdb
d:\2.project\9999.my\cpp\cpp_server\server\dummyclient\x64\debug\dummyclient.tlog\cl.command.1.tlog
d:\2.project\9999.my\cpp\cpp_server\server\dummyclient\x64\debug\dummyclient.tlog\cl.read.1.tlog
d:\2.project\9999.my\cpp\cpp_server\server\dummyclient\x64\debug\dummyclient.tlog\cl.write.1.tlog
d:\2.project\9999.my\cpp\cpp_server\server\dummyclient\x64\debug\dummyclient.tlog\link-cvtres.read.1.tlog
d:\2.project\9999.my\cpp\cpp_server\server\dummyclient\x64\debug\dummyclient.tlog\link-cvtres.write.1.tlog
d:\2.project\9999.my\cpp\cpp_server\server\dummyclient\x64\debug\dummyclient.tlog\link-rc.read.1.tlog
d:\2.project\9999.my\cpp\cpp_server\server\dummyclient\x64\debug\dummyclient.tlog\link-rc.write.1.tlog
d:\2.project\9999.my\cpp\cpp_server\server\dummyclient\x64\debug\dummyclient.tlog\link.command.1.tlog
d:\2.project\9999.my\cpp\cpp_server\server\dummyclient\x64\debug\dummyclient.tlog\link.read.1.tlog
d:\2.project\9999.my\cpp\cpp_server\server\dummyclient\x64\debug\dummyclient.tlog\link.read.2.tlog
d:\2.project\9999.my\cpp\cpp_server\server\dummyclient\x64\debug\dummyclient.tlog\link.write.1.tlog
