Struct.proto(4,1): warning G1A4DC0EC: Import Enum.proto is unused.
Protocol.proto(4,1): warning G1A4DC0EC: Import Enum.proto is unused.
  D:Enum.pb.h
  1개 파일이 복사되었습니다.
  D:Enum.pb.cc
  1개 파일이 복사되었습니다.
  D:Struct.pb.h
  1개 파일이 복사되었습니다.
  D:Struct.pb.cc
  1개 파일이 복사되었습니다.
  D:Protocol.pb.h
  1개 파일이 복사되었습니다.
  D:Protocol.pb.cc
  1개 파일이 복사되었습니다.
  D:Enum.pb.h
  1개 파일이 복사되었습니다.
  D:Enum.pb.cc
  1개 파일이 복사되었습니다.
  D:Struct.pb.h
  1개 파일이 복사되었습니다.
  D:Struct.pb.cc
  1개 파일이 복사되었습니다.
  D:Protocol.pb.h
  1개 파일이 복사되었습니다.
  D:Protocol.pb.cc
  1개 파일이 복사되었습니다.
  pch.cpp
  Enum.pb.cc
  Struct.pb.cc
  Protocol.pb.cc
  코드를 생성하고 있습니다...
  GameServer.cpp
  GameSession.cpp
  GameSessionManager.cpp
  ServerPacketHandler.cpp
  코드를 생성하고 있습니다...
  GameServer.vcxproj -> D:\2.Project\9999.My\CPP\CPP_Server\Server\Binary\Debug\GameServer.exe
