d:\2.project\9999.my\cpp\cpp_server\server\gameserver\x64\debug\gameserver.pch
d:\2.project\9999.my\cpp\cpp_server\server\gameserver\x64\debug\vc142.pdb
d:\2.project\9999.my\cpp\cpp_server\server\gameserver\x64\debug\vc142.idb
d:\2.project\9999.my\cpp\cpp_server\server\gameserver\x64\debug\pch.obj
d:\2.project\9999.my\cpp\cpp_server\server\gameserver\x64\debug\struct.pb.obj
d:\2.project\9999.my\cpp\cpp_server\server\gameserver\x64\debug\protocol.pb.obj
d:\2.project\9999.my\cpp\cpp_server\server\gameserver\x64\debug\enum.pb.obj
d:\2.project\9999.my\cpp\cpp_server\server\gameserver\x64\debug\clientpackethandler.obj
d:\2.project\9999.my\cpp\cpp_server\server\gameserver\x64\debug\gamesessionmanager.obj
d:\2.project\9999.my\cpp\cpp_server\server\gameserver\x64\debug\gamesession.obj
d:\2.project\9999.my\cpp\cpp_server\server\gameserver\x64\debug\gameserver.obj
d:\2.project\9999.my\cpp\cpp_server\server\gameserver\x64\debug\gameserver.ilk
d:\2.project\9999.my\cpp\cpp_server\server\binary\debug\gameserver.exe
d:\2.project\9999.my\cpp\cpp_server\server\binary\debug\gameserver.pdb
d:\2.project\9999.my\cpp\cpp_server\server\gameserver\x64\debug\gameserver.tlog\cl.command.1.tlog
d:\2.project\9999.my\cpp\cpp_server\server\gameserver\x64\debug\gameserver.tlog\cl.read.1.tlog
d:\2.project\9999.my\cpp\cpp_server\server\gameserver\x64\debug\gameserver.tlog\cl.write.1.tlog
d:\2.project\9999.my\cpp\cpp_server\server\gameserver\x64\debug\gameserver.tlog\link.command.1.tlog
d:\2.project\9999.my\cpp\cpp_server\server\gameserver\x64\debug\gameserver.tlog\link.read.1.tlog
d:\2.project\9999.my\cpp\cpp_server\server\gameserver\x64\debug\gameserver.tlog\link.write.1.tlog
